<?xml version="1.0" encoding="UTF-8"?>
<!-- Generated by org.testng.reporters.JUnitReportReporter -->
<testsuite skipped="0" hostname="Watai-PC" name="TestPut" tests="1" failures="0" timestamp="2021-05-16T13:45:38 SGT" time="3.876" errors="0">
  <testcase name="Test1_put" time="3.876" classname="TestPut"/>
  <system-out/>
</testsuite> <!-- TestPut -->
