<?xml version="1.0" encoding="UTF-8"?>
<!-- Generated by org.testng.reporters.JUnitReportReporter -->
<testsuite skipped="0" hostname="Watai-PC" name="TestAll" tests="5" failures="0" timestamp="2021-05-16T21:48:41 SGT" time="10.277" errors="0">
  <testcase name="Test3_get" time="1.000" classname="TestAll"/>
  <system-out/>
  <testcase name="Test2_put" time="1.624" classname="TestAll"/>
  <system-out/>
  <testcase name="Test3_patch" time="1.602" classname="TestAll"/>
  <system-out/>
  <testcase name="Test4_delete" time="1.718" classname="TestAll"/>
  <system-out/>
  <testcase name="Test1_post" time="4.333" classname="TestAll"/>
  <system-out/>
</testsuite> <!-- TestAll -->
