<?xml version="1.0" encoding="UTF-8"?>
<!-- Generated by org.testng.reporters.JUnitReportReporter -->
<testsuite skipped="0" hostname="Watai-PC" name="TestGet" tests="1" failures="0" timestamp="2021-05-15T22:52:56 SGT" time="3.012" errors="0">
  <testcase name="Test1_get" time="3.012" classname="TestGet"/>
  <system-out/>
</testsuite> <!-- TestGet -->
