<?xml version="1.0" encoding="UTF-8"?>
<!-- Generated by org.testng.reporters.JUnitReportReporter -->
<testsuite skipped="0" hostname="Watai-PC" name="TestPost" tests="1" failures="0" timestamp="2021-05-16T13:43:33 SGT" time="3.901" errors="0">
  <testcase name="Test1_post" time="3.901" classname="TestPost"/>
  <system-out/>
</testsuite> <!-- TestPost -->
