<?xml version="1.0" encoding="UTF-8"?>
<!-- Generated by org.testng.reporters.JUnitReportReporter -->
<testsuite skipped="0" hostname="Watai-PC" name="TestPatch" tests="1" failures="0" timestamp="2021-05-16T21:44:08 SGT" time="6.231" errors="0">
  <testcase name="Test1_patch" time="6.231" classname="TestPatch"/>
  <system-out/>
</testsuite> <!-- TestPatch -->
