<?xml version="1.0" encoding="UTF-8"?>
<!-- Generated by org.testng.reporters.JUnitReportReporter -->
<testsuite skipped="0" hostname="Watai-PC" name="TestDelete" tests="1" failures="0" timestamp="2021-05-15T22:47:34 SGT" time="2.792" errors="0">
  <testcase name="Test1_delete" time="2.792" classname="TestDelete"/>
  <system-out/>
</testsuite> <!-- TestDelete -->
